2026-03-10 15:50:39,172 [INFO] === Fetching EPA bulk: PM25 year=2022 ===
2026-03-10 15:50:39,172 [INFO]   Downloading daily_88101_2022.zip (attempt 1/3) …
2026-03-10 15:51:00,392 [INFO]   Download complete: 8.2 MB
2026-03-10 15:51:00,396 [INFO]   Reading daily_88101_2022/daily_88101_2022.csv from ZIP …
2026-03-10 15:51:07,311 [INFO]   National records: 863233
2026-03-10 15:51:07,725 [INFO]   NYC records: 3573 rows across ['005', '047', '061', '081', '085'] counties
2026-03-10 15:51:07,842 [INFO]   Saved county file: epa_aqs_pm25_bronx_2022.csv (1522 rows)
2026-03-10 15:51:07,847 [INFO]   Saved county file: epa_aqs_pm25_kings_2022.csv (117 rows)
2026-03-10 15:51:07,853 [INFO]   Saved county file: epa_aqs_pm25_new_york_2022.csv (178 rows)
2026-03-10 15:51:07,863 [INFO]   Saved county file: epa_aqs_pm25_queens_2022.csv (1699 rows)
2026-03-10 15:51:07,863 [INFO]   Saved county file: epa_aqs_pm25_richmond_2022.csv (57 rows)
2026-03-10 15:51:07,888 [INFO] Merged → epa_aqs_pm25_2022.csv (3573 rows)
2026-03-10 15:51:07,888 [INFO] === Fetching EPA bulk: NO2 year=2022 ===
2026-03-10 15:51:07,888 [INFO]   Downloading daily_42602_2022.zip (attempt 1/3) …
2026-03-10 15:51:13,862 [INFO]   Download complete: 2.2 MB
2026-03-10 15:51:13,862 [INFO]   Reading daily_42602_2022.csv from ZIP …
2026-03-10 15:51:14,934 [INFO]   National records: 158072
2026-03-10 15:51:15,028 [INFO]   NYC records: 1440 rows across ['005', '081'] counties
2026-03-10 15:51:15,042 [WARNING]   No records for county 047 (param=no2, year=2022)
2026-03-10 15:51:15,043 [WARNING]   No records for county 061 (param=no2, year=2022)
2026-03-10 15:51:15,054 [WARNING]   No records for county 085 (param=no2, year=2022)
2026-03-10 15:51:15,074 [INFO]   Saved county file: epa_aqs_no2_bronx_2022.csv (727 rows)
2026-03-10 15:51:15,081 [INFO]   Saved county file: epa_aqs_no2_queens_2022.csv (713 rows)
2026-03-10 15:51:15,092 [INFO] Merged → epa_aqs_no2_2022.csv (1440 rows)
2026-03-10 15:51:15,092 [INFO] === Fetching EPA bulk: SO2 year=2022 ===
2026-03-10 15:51:15,092 [INFO]   Downloading daily_42401_2022.zip (attempt 1/3) …
2026-03-10 15:51:22,639 [INFO]   Download complete: 2.9 MB
2026-03-10 15:51:22,643 [INFO]   Reading daily_42401_2022.csv from ZIP …
2026-03-10 15:51:24,571 [INFO]   National records: 296035
2026-03-10 15:51:24,706 [INFO]   NYC records: 2190 rows across ['005', '081'] counties
2026-03-10 15:51:24,717 [WARNING]   No records for county 047 (param=so2, year=2022)
2026-03-10 15:51:24,717 [WARNING]   No records for county 061 (param=so2, year=2022)
2026-03-10 15:51:24,727 [WARNING]   No records for county 085 (param=so2, year=2022)
2026-03-10 15:51:24,753 [INFO]   Saved county file: epa_aqs_so2_bronx_2022.csv (1460 rows)
2026-03-10 15:51:24,758 [INFO]   Saved county file: epa_aqs_so2_queens_2022.csv (730 rows)
2026-03-10 15:51:24,774 [INFO] Merged → epa_aqs_so2_2022.csv (2190 rows)
2026-03-10 15:51:24,775 [INFO] === Fetching EPA bulk: PM25 year=2023 ===
2026-03-10 15:51:24,775 [INFO]   Downloading daily_88101_2023.zip (attempt 1/3) …
2026-03-10 15:51:45,812 [INFO]   Download complete: 8.5 MB
2026-03-10 15:51:45,815 [INFO]   Reading daily_88101_2023/daily_88101_2023.csv from ZIP …
2026-03-10 15:51:52,475 [INFO]   National records: 847370
2026-03-10 15:51:52,871 [INFO]   NYC records: 4108 rows across ['005', '047', '061', '081', '085'] counties
2026-03-10 15:51:52,987 [INFO]   Saved county file: epa_aqs_pm25_bronx_2023.csv (1648 rows)
2026-03-10 15:51:52,992 [INFO]   Saved county file: epa_aqs_pm25_kings_2023.csv (757 rows)
2026-03-10 15:51:52,998 [INFO]   Saved county file: epa_aqs_pm25_new_york_2023.csv (289 rows)
2026-03-10 15:51:53,008 [INFO]   Saved county file: epa_aqs_pm25_queens_2023.csv (1355 rows)
2026-03-10 15:51:53,014 [INFO]   Saved county file: epa_aqs_pm25_richmond_2023.csv (59 rows)
2026-03-10 15:51:53,032 [INFO] Merged → epa_aqs_pm25_2023.csv (4108 rows)
2026-03-10 15:51:53,034 [INFO] === Fetching EPA bulk: NO2 year=2023 ===
2026-03-10 15:51:53,034 [INFO]   Downloading daily_42602_2023.zip (attempt 1/3) …
2026-03-10 15:51:58,662 [INFO]   Download complete: 2.1 MB
2026-03-10 15:51:58,665 [INFO]   Reading daily_42602_2023.csv from ZIP …
2026-03-10 15:51:59,683 [INFO]   National records: 156469
2026-03-10 15:51:59,765 [INFO]   NYC records: 1452 rows across ['005', '081'] counties
2026-03-10 15:51:59,778 [WARNING]   No records for county 047 (param=no2, year=2023)
2026-03-10 15:51:59,781 [WARNING]   No records for county 061 (param=no2, year=2023)
2026-03-10 15:51:59,786 [WARNING]   No records for county 085 (param=no2, year=2023)
2026-03-10 15:51:59,807 [INFO]   Saved county file: epa_aqs_no2_bronx_2023.csv (725 rows)
2026-03-10 15:51:59,812 [INFO]   Saved county file: epa_aqs_no2_queens_2023.csv (727 rows)
2026-03-10 15:51:59,822 [INFO] Merged → epa_aqs_no2_2023.csv (1452 rows)
2026-03-10 15:51:59,822 [INFO] === Fetching EPA bulk: SO2 year=2023 ===
2026-03-10 15:51:59,822 [INFO]   Downloading daily_42401_2023.zip (attempt 1/3) …
2026-03-10 15:52:08,703 [INFO]   Download complete: 2.8 MB
2026-03-10 15:52:08,706 [INFO]   Reading daily_42401_2023.csv from ZIP …
2026-03-10 15:52:10,562 [INFO]   National records: 286147
2026-03-10 15:52:10,711 [INFO]   NYC records: 2190 rows across ['005', '081'] counties
2026-03-10 15:52:10,724 [WARNING]   No records for county 047 (param=so2, year=2023)
2026-03-10 15:52:10,724 [WARNING]   No records for county 061 (param=so2, year=2023)
2026-03-10 15:52:10,733 [WARNING]   No records for county 085 (param=so2, year=2023)
2026-03-10 15:52:10,762 [INFO]   Saved county file: epa_aqs_so2_bronx_2023.csv (1460 rows)
2026-03-10 15:52:10,766 [INFO]   Saved county file: epa_aqs_so2_queens_2023.csv (730 rows)
2026-03-10 15:52:10,792 [INFO] Merged → epa_aqs_so2_2023.csv (2190 rows)
2026-03-10 15:52:10,796 [INFO] === Fetching EPA bulk: PM25 year=2024 ===
2026-03-10 15:52:10,796 [INFO]   Downloading daily_88101_2024.zip (attempt 1/3) …
2026-03-10 15:52:16,503 [INFO] === Generating synthetic SPARCS INPATIENT ([2022, 2023, 2024]) ===
2026-03-10 15:52:28,644 [INFO]   Download complete: 8.0 MB
2026-03-10 15:52:28,648 [INFO]   Reading daily_88101_2024.csv from ZIP …
2026-03-10 15:52:33,667 [INFO]   National records: 738478
2026-03-10 15:52:34,057 [INFO]   NYC records: 5227 rows across ['005', '047', '061', '081', '085'] counties
2026-03-10 15:52:34,163 [INFO]   Saved county file: epa_aqs_pm25_bronx_2024.csv (1631 rows)
2026-03-10 15:52:34,172 [INFO]   Saved county file: epa_aqs_pm25_kings_2024.csv (1574 rows)
2026-03-10 15:52:34,177 [INFO]   Saved county file: epa_aqs_pm25_new_york_2024.csv (303 rows)
2026-03-10 15:52:34,188 [INFO]   Saved county file: epa_aqs_pm25_queens_2024.csv (1660 rows)
2026-03-10 15:52:34,204 [INFO]   Saved county file: epa_aqs_pm25_richmond_2024.csv (59 rows)
2026-03-10 15:52:34,232 [INFO] Merged → epa_aqs_pm25_2024.csv (5227 rows)
2026-03-10 15:52:34,232 [INFO] === Fetching EPA bulk: NO2 year=2024 ===
2026-03-10 15:52:34,232 [INFO]   Downloading daily_42602_2024.zip (attempt 1/3) …
2026-03-10 15:52:36,952 [INFO]   Synthetic inpatient: 425754 individual records across 3 years
2026-03-10 15:52:37,502 [INFO]   Saved → sparcs_inpatient_2022.csv (141897 rows)
2026-03-10 15:52:38,036 [INFO]   Saved → sparcs_inpatient_2023.csv (141636 rows)
2026-03-10 15:52:38,569 [INFO]   Saved → sparcs_inpatient_2024.csv (142221 rows)
2026-03-10 15:52:38,569 [INFO] === Generating synthetic SPARCS ED ([2022, 2023, 2024]) ===
2026-03-10 15:52:39,886 [INFO]   Download complete: 2.1 MB
2026-03-10 15:52:39,892 [INFO]   Reading daily_42602_2024.csv from ZIP …
2026-03-10 15:52:40,987 [INFO]   National records: 154721
2026-03-10 15:52:41,079 [INFO]   NYC records: 1434 rows across ['005', '081'] counties
2026-03-10 15:52:41,093 [WARNING]   No records for county 047 (param=no2, year=2024)
2026-03-10 15:52:41,093 [WARNING]   No records for county 061 (param=no2, year=2024)
2026-03-10 15:52:41,106 [WARNING]   No records for county 085 (param=no2, year=2024)
2026-03-10 15:52:41,142 [INFO]   Saved county file: epa_aqs_no2_bronx_2024.csv (726 rows)
2026-03-10 15:52:41,146 [INFO]   Saved county file: epa_aqs_no2_queens_2024.csv (708 rows)
2026-03-10 15:52:41,156 [INFO] Merged → epa_aqs_no2_2024.csv (1434 rows)
2026-03-10 15:52:41,156 [INFO] === Fetching EPA bulk: SO2 year=2024 ===
2026-03-10 15:52:41,162 [INFO]   Downloading daily_42401_2024.zip (attempt 1/3) …
2026-03-10 15:52:47,882 [INFO]   Download complete: 2.6 MB
2026-03-10 15:52:47,882 [INFO]   Reading daily_42401_2024.csv from ZIP …
2026-03-10 15:52:49,577 [INFO]   National records: 268202
2026-03-10 15:52:49,719 [INFO]   NYC records: 2155 rows across ['005', '081'] counties
2026-03-10 15:52:49,729 [WARNING]   No records for county 047 (param=so2, year=2024)
2026-03-10 15:52:49,730 [WARNING]   No records for county 061 (param=so2, year=2024)
2026-03-10 15:52:49,740 [WARNING]   No records for county 085 (param=so2, year=2024)
2026-03-10 15:52:49,765 [INFO]   Saved county file: epa_aqs_so2_bronx_2024.csv (1432 rows)
2026-03-10 15:52:49,772 [INFO]   Saved county file: epa_aqs_so2_queens_2024.csv (723 rows)
2026-03-10 15:52:49,783 [INFO] Merged → epa_aqs_so2_2024.csv (2155 rows)
2026-03-10 15:52:49,783 [INFO] fetch_real_epa_bulk.py completed.
2026-03-10 15:53:38,169 [INFO]   Synthetic ed: 1219400 individual records across 3 years
2026-03-10 15:53:40,006 [INFO]   Saved → sparcs_ed_2022.csv (406875 rows)
2026-03-10 15:53:41,455 [INFO]   Saved → sparcs_ed_2023.csv (405621 rows)
2026-03-10 15:53:42,840 [INFO]   Saved → sparcs_ed_2024.csv (406904 rows)
2026-03-10 15:53:42,841 [INFO] === Generating synthetic SPARCS OUTPATIENT ([2022, 2023, 2024]) ===
2026-03-10 15:55:30,246 [INFO]   Synthetic outpatient: 2132295 individual records across 3 years
2026-03-10 15:55:34,007 [INFO]   Saved → sparcs_outpatient_2022.csv (709879 rows)
2026-03-10 15:55:36,761 [INFO]   Saved → sparcs_outpatient_2023.csv (709935 rows)
2026-03-10 15:55:39,482 [INFO]   Saved → sparcs_outpatient_2024.csv (712481 rows)
2026-03-10 15:55:39,483 [INFO] generate_sparcs_synthetic.py completed.
2026-03-10 15:57:09,579 [INFO] === Loading EPA AQS data ===
2026-03-10 15:57:10,512 [INFO] EPA PM25: 1096 daily values loaded.
2026-03-10 15:57:11,187 [INFO] EPA NO2: 1096 daily values loaded.
2026-03-10 15:57:11,841 [INFO] EPA SO2: 1096 daily values loaded.
2026-03-10 15:57:11,847 [INFO] EPA AQS: date range 2022-01-01 to 2024-12-31, 1096 rows.
2026-03-10 15:57:11,852 [INFO] === Loading SPARCS health data ===
2026-03-10 15:57:12,052 [INFO]   Loaded sparcs_inpatient_2022.csv: 141897 rows
2026-03-10 15:57:12,344 [INFO]   Loaded sparcs_inpatient_2023.csv: 141636 rows
2026-03-10 15:57:12,603 [INFO]   Loaded sparcs_inpatient_2024.csv: 142221 rows
2026-03-10 15:57:13,197 [INFO]   Loaded sparcs_ed_2022.csv: 406875 rows
2026-03-10 15:57:13,836 [INFO]   Loaded sparcs_ed_2023.csv: 405621 rows
2026-03-10 15:57:14,517 [INFO]   Loaded sparcs_ed_2024.csv: 406904 rows
2026-03-10 15:57:15,726 [INFO]   Loaded sparcs_outpatient_2022.csv: 709879 rows
2026-03-10 15:57:16,952 [INFO]   Loaded sparcs_outpatient_2023.csv: 709935 rows
2026-03-10 15:57:18,165 [INFO]   Loaded sparcs_outpatient_2024.csv: 712481 rows
2026-03-10 15:57:18,499 [INFO] SPARCS health: 16440 rows loaded (after ICD-10 filter + time handling).
2026-03-10 15:57:18,512 [INFO] === Building date × age_group skeleton ===
2026-03-10 15:57:19,841 [INFO] Saved → C:\Users\USSCuriosity\Desktop\sdst_data\nyc_pollution_health_2022_2024\outputs\merged_for_GAM.csv
2026-03-10 15:57:19,846 [INFO] Saved → C:\Users\USSCuriosity\Desktop\sdst_data\nyc_pollution_health_2022_2024\outputs\merged_for_GAM_monthly.csv
2026-03-10 15:57:19,887 [INFO] === OUTPUT SUMMARY ===
2026-03-10 15:57:19,887 [INFO] Daily table: 5480 rows × 13 cols
2026-03-10 15:57:19,889 [INFO]   Date range: 2022-01-01  →  2024-12-31
2026-03-10 15:57:19,890 [INFO]   Age groups: ['0-17', '18-44', '45-64', '65-74', '75+']
2026-03-10 15:57:19,890 [INFO]   PM25: mean=8.50, null=0
2026-03-10 15:57:19,890 [INFO]   NO2: mean=14.57, null=0
2026-03-10 15:57:19,891 [INFO]   SO2: mean=0.36, null=0
2026-03-10 15:57:19,891 [INFO]   n_inpatient: total=425754
2026-03-10 15:57:19,891 [INFO]   n_ed: total=1219400
2026-03-10 15:57:19,891 [INFO]   n_outpatient: total=2132295
2026-03-10 15:57:19,893 [INFO]   date_resolution counts: {'daily': 5480}
2026-03-10 15:57:19,893 [INFO] Monthly table: 180 rows × 9 cols
2026-03-10 15:57:19,893 [INFO] clean_merge.py completed. Final output: outputs/merged_for_GAM.csv
